<?xml version="1.0" encoding="UTF-8"?>
<!-- Generated by org.testng.reporters.JUnitReportReporter -->
<testsuite hostname="LBNL731103" failures="0" tests="3" name="alerts.AlertsTest" time="2.471" errors="0" timestamp="25 mrt. 2021 14:42:01 GMT" skipped="0">
  <testcase classname="alerts.AlertsTest" name="testAlerts" time="0.933"/>
  <testcase classname="alerts.AlertsTest" name="testResultFromPrompt" time="0.745"/>
  <testcase classname="alerts.AlertsTest" name="testGetTextFromAlert" time="0.793"/>
</testsuite> <!-- alerts.AlertsTest -->
