<?xml version="1.0" encoding="UTF-8"?>
<!-- Generated by org.testng.reporters.JUnitReportReporter -->
<testsuite hostname="LBNL731103" failures="0" tests="1" name="alerts.ModalTest" time="0.701" errors="0" timestamp="25 mrt. 2021 14:42:01 GMT" skipped="0">
  <testcase classname="alerts.ModalTest" name="testModalTitle" time="0.701"/>
</testsuite> <!-- alerts.ModalTest -->
