<?xml version="1.0" encoding="UTF-8"?>
<!-- Generated by org.testng.reporters.JUnitReportReporter -->
<testsuite hostname="LBNL731103" failures="0" tests="1" name="keypresses.KeyPressesTest" time="0.711" errors="0" timestamp="25 mrt. 2021 14:42:01 GMT" skipped="0">
  <testcase classname="keypresses.KeyPressesTest" name="testBackSpace" time="0.711"/>
</testsuite> <!-- keypresses.KeyPressesTest -->
